Known Devices:
wangshuai的MacBook Pro [9397338E-B457-5CDE-A1C2-93B34A050CCB]
王帅的 iPhone (10.0.2) [3d4e6c08281b295628dbaa8530d62a17833498a3]
Apple TV 1080p (10.0) [FA3D4C36-14F6-4299-B59E-5F40F5EE99B9] (Simulator)
Apple Watch - 38mm (3.0) [E5D6265C-343F-4591-8BB5-5FD8AC7359E5] (Simulator)
Apple Watch - 42mm (3.0) [5271F173-1869-4025-AC25-13B61CB09982] (Simulator)
iPad Air (10.0) [044B2786-95F2-4FEE-9748-38139E341178] (Simulator)
iPad Air 2 (10.0) [B3A76504-AC19-4758-9858-FB04D26016FF] (Simulator)
iPad Pro (12.9 inch) (10.0) [001B377F-6950-4E2A-88BF-A10BC2575456] (Simulator)
iPad Pro (9.7 inch) (10.0) [ACA8D40A-88F0-42FF-A93F-4EEABC0BCB7E] (Simulator)
iPad Retina (10.0) [3A90E9DE-1BB0-45B0-B745-3BB75BDD3403] (Simulator)
iPhone 5 (10.0) [2C65B836-EED6-4556-AFBE-3406408F14C5] (Simulator)
iPhone 5s (10.0) [0F012003-BCD2-4B8F-A3FB-1F790A5098FC] (Simulator)
iPhone 6 (10.0) [53A73B59-D1CB-4559-AD49-368B766F7F72] (Simulator)
iPhone 6 Plus (10.0) [9E9C63F8-CCA4-4010-809F-BF7DDFC4C89D] (Simulator)
iPhone 6s (10.0) [E6EAE554-3FE1-47CB-8574-D91916C1EDD1] (Simulator)
iPhone 6s Plus (10.0) [47CFF558-B62E-4BB8-B3B3-CBED7FC02690] (Simulator)
iPhone 7 (10.0) [E037C483-9811-4AF9-A29F-05658F11A626] (Simulator)
iPhone 7 (10.0) + Apple Watch Series 2 - 38mm (3.0) [88522AFF-66A6-4681-BA7E-A5FC806F33D1] (Simulator)
iPhone 7 Plus (10.0) [46962C51-7227-4137-9EEE-886F6067CE8F] (Simulator)
iPhone 7 Plus (10.0) + Apple Watch Series 2 - 42mm (3.0) [02C6EA21-6291-40BA-8420-784F43D952D0] (Simulator)
iPhone SE (10.0) [383F174D-137E-4CB3-93D3-6C908D4F0EA1] (Simulator)
